<?xml version="1.0" encoding="UTF-8"?>
<testsuite xmlns:xsi="http://www.w3.org/2001/XMLSchema-instance" xsi:noNamespaceSchemaLocation="https://maven.apache.org/surefire/maven-surefire-plugin/xsd/surefire-test-report.xsd" name="TestSuite" time="1.63" tests="5" errors="0" skipped="0" failures="3">
  <properties>
[...]
</properties>
  <testcase name="Deset" classname="DeserializationTest.DeTest" time="1.087"/>
  <testcase name="validPostApiRequest" classname="EmployeesInfo.PostAPITest" time="0.009">
    <failure message="baseURI cannot be null" type="java.lang.IllegalArgumentException">java.lang.IllegalArgumentException: baseURI cannot be null
	at EmployeesInfo.PostAPITest.validPostApiRequest(PostAPITest.java:48)
</failure>
    <system-out><![CDATA[Its exception here so we are not getting daat from properties file
Its exception here so we are not getting daat from properties file
null
null
validPostApiRequest
Random user id created is ::94Random Firstname of the user is created as ::CdRRandom last name of the user created as ::KffqZrandom subject id created for the user is ::35
]]></system-out>
  </testcase>
  <testcase name="loginbase64" classname="EmployeesInfo.LoginBAse64Test" time="0.003"/>
  <testcase name="serealizationtest" classname="EmployeesInfo.SerailizationTest" time="0.003">
    <failure message="baseURI cannot be null" type="java.lang.IllegalArgumentException">java.lang.IllegalArgumentException: baseURI cannot be null
	at EmployeesInfo.SerailizationTest.serealizationtest(SerailizationTest.java:25)
</failure>
    <system-out><![CDATA[Its exception here so we are not getting daat from properties file
Its exception here so we are not getting daat from properties file
null
null
serealizationtest
PostAPIPOjo [id=67, firstname=Shruti, lastname=kelkar, subjectd=90]
]]></system-out>
  </testcase>
  <testcase name="getAPITest" classname="EmployeesInfo.getAPITest" time="0.001">
    <failure message="baseURI cannot be null" type="java.lang.IllegalArgumentException">java.lang.IllegalArgumentException: baseURI cannot be null
	at EmployeesInfo.getAPITest.getAPITest(getAPITest.java:28)
</failure>
    <system-out><![CDATA[Its exception here so we are not getting daat from properties file
Its exception here so we are not getting daat from properties file
null
null
getAPITest
]]></system-out>
  </testcase>
</testsuite>